app/build/outputs/logs/manifest-merger-debug-report.txt
-- Merging decision tree log ---
manifest
ADDED from src\main\AndroidManifest.xml:2:1-259:12
	package
		ADDED from src\main\AndroidManifest.xml:4:5-25
		INJECTED from src\main\AndroidManifest.xml
		INJECTED from src\main\AndroidManifest.xml
	android:versionName
		INJECTED from src\main\AndroidManifest.xml
		INJECTED from src\main\AndroidManifest.xml
	xmlns:tools
		ADDED from src\main\AndroidManifest.xml:3:5-51
	android:windowSoftInputMode
		ADDED from src\main\AndroidManifest.xml:5:5-44
	xmlns:android
		ADDED from src\main\AndroidManifest.xml:2:11-69
	android:versionCode
		INJECTED from src\main\AndroidManifest.xml
		INJECTED from src\main\AndroidManifest.xml
uses-permission#android.permission.RECEIVE_BOOT_COMPLETED
ADDED from src\main\AndroidManifest.xml:7:5-81
	android:name
		ADDED from src\main\AndroidManifest.xml:7:22-78
uses-permission#android.permission.CAMERA
ADDED from src\main\AndroidManifest.xml:8:5-65
	android:name
		ADDED from src\main\AndroidManifest.xml:8:22-62
uses-permission#android.permission.VIBRATE
ADDED from src\main\AndroidManifest.xml:9:5-66
	android:name
		ADDED from src\main\AndroidManifest.xml:9:22-63
uses-permission#android.permission.ACCESS_COARSE_LOCATION
ADDED from src\main\AndroidManifest.xml:10:5-81
	android:name
		ADDED from src\main\AndroidManifest.xml:10:22-78
uses-permission#android.permission.ACCESS_FINE_LOCATION
ADDED from src\main\AndroidManifest.xml:11:5-79
	android:name
		ADDED from src\main\AndroidManifest.xml:11:22-76
uses-permission#android.permission.ACCESS_LOCATION_EXTRA_COMMANDS
ADDED from src\main\AndroidManifest.xml:12:5-89
	android:name
		ADDED from src\main\AndroidManifest.xml:12:22-86
uses-permission#android.permission.READ_PHONE_STATE
ADDED from src\main\AndroidManifest.xml:13:5-75
	android:name
		ADDED from src\main\AndroidManifest.xml:13:22-72
uses-permission#android.permission.INTERNET
ADDED from src\main\AndroidManifest.xml:14:5-67
MERGED from [com.koushikdutta.ion:ion:2.2.1] AndroidManifest.xml:11:5-67
MERGED from [com.koushikdutta.async:androidasync:2.2.1] AndroidManifest.xml:11:5-67
	android:name
		ADDED from src\main\AndroidManifest.xml:14:22-64
uses-permission#android.permission.RECEIVE_SMS
ADDED from src\main\AndroidManifest.xml:15:5-70
	android:name
		ADDED from src\main\AndroidManifest.xml:15:22-67
uses-permission#android.permission.RECORD_AUDIO
ADDED from src\main\AndroidManifest.xml:16:5-71
	android:name
		ADDED from src\main\AndroidManifest.xml:16:22-68
uses-permission#android.permission.MODIFY_AUDIO_SETTINGS
ADDED from src\main\AndroidManifest.xml:17:5-80
	android:name
		ADDED from src\main\AndroidManifest.xml:17:22-77
uses-permission#android.permission.READ_CONTACTS
ADDED from src\main\AndroidManifest.xml:18:5-72
	android:name
		ADDED from src\main\AndroidManifest.xml:18:22-69
uses-permission#android.permission.WRITE_CONTACTS
ADDED from src\main\AndroidManifest.xml:19:5-73
	android:name
		ADDED from src\main\AndroidManifest.xml:19:22-70
uses-permission#android.permission.WRITE_EXTERNAL_STORAGE
ADDED from src\main\AndroidManifest.xml:20:5-81
	android:name
		ADDED from src\main\AndroidManifest.xml:20:22-78
uses-permission#android.permission.ACCESS_NETWORK_STATE
ADDED from src\main\AndroidManifest.xml:21:5-79
	android:name
		ADDED from src\main\AndroidManifest.xml:21:22-76
uses-feature#android.hardware.camera
ADDED from src\main\AndroidManifest.xml:25:5-60
	android:name
		ADDED from src\main\AndroidManifest.xml:25:19-57
uses-feature#android.hardware.camera.autofocus
ADDED from src\main\AndroidManifest.xml:26:5-70
	android:name
		ADDED from src\main\AndroidManifest.xml:26:19-67
uses-permission#android.permission.FLASHLIGHT
ADDED from src\main\AndroidManifest.xml:28:5-68
	android:name
		ADDED from src\main\AndroidManifest.xml:28:22-66
uses-sdk
ADDED from src\main\AndroidManifest.xml:29:5-32:55
MERGED from [com.android.support:support-v4:22.0.0] AndroidManifest.xml:20:5-43
MERGED from [com.android.support:appcompat-v7:22.0.0] AndroidManifest.xml:20:5-43
MERGED from [com.android.support:support-v4:22.0.0] AndroidManifest.xml:20:5-43
MERGED from [wang.jack.update.library:library:1.0] AndroidManifest.xml:7:5-9:41
MERGED from [com.android.support:appcompat-v7:22.0.0] AndroidManifest.xml:20:5-43
MERGED from [com.android.support:support-v4:22.0.0] AndroidManifest.xml:20:5-43
MERGED from [com.koushikdutta.ion:ion:2.2.1] AndroidManifest.xml:7:5-9:41
MERGED from [com.koushikdutta.async:androidasync:2.2.1] AndroidManifest.xml:7:5-9:41
	tools:overrideLibrary
		ADDED from src\main\AndroidManifest.xml:32:9-53
	android:targetSdkVersion
		ADDED from src\main\AndroidManifest.xml:31:9-38
		INJECTED from src\main\AndroidManifest.xml
		INJECTED from src\main\AndroidManifest.xml
	android:minSdkVersion
		ADDED from src\main\AndroidManifest.xml:30:9-35
		INJECTED from src\main\AndroidManifest.xml
		INJECTED from src\main\AndroidManifest.xml
application
ADDED from src\main\AndroidManifest.xml:34:5-257:19
MERGED from [com.android.support:support-v4:22.0.0] AndroidManifest.xml:22:5-20
MERGED from [com.android.support:appcompat-v7:22.0.0] AndroidManifest.xml:22:5-20
MERGED from [com.android.support:support-v4:22.0.0] AndroidManifest.xml:22:5-20
MERGED from [wang.jack.update.library:library:1.0] AndroidManifest.xml:11:5-14:19
MERGED from [com.android.support:appcompat-v7:22.0.0] AndroidManifest.xml:22:5-20
MERGED from [com.android.support:support-v4:22.0.0] AndroidManifest.xml:22:5-20
MERGED from [com.koushikdutta.ion:ion:2.2.1] AndroidManifest.xml:13:5-14:19
MERGED from [com.koushikdutta.async:androidasync:2.2.1] AndroidManifest.xml:13:5-14:19
	android:label
		ADDED from src\main\AndroidManifest.xml:37:9-41
	android:windowSoftInputMode
		ADDED from src\main\AndroidManifest.xml:39:9-81
	android:allowBackup
		ADDED from src\main\AndroidManifest.xml:35:9-35
	android:icon
		ADDED from src\main\AndroidManifest.xml:36:9-38
	android:theme
		ADDED from src\main\AndroidManifest.xml:38:9-40
activity#com.yy.keyapp.module.login.WelcomeActivity
ADDED from src\main\AndroidManifest.xml:40:9-48:20
	android:screenOrientation
		ADDED from src\main\AndroidManifest.xml:43:13-49
	android:label
		ADDED from src\main\AndroidManifest.xml:42:13-45
	android:name
		ADDED from src\main\AndroidManifest.xml:41:13-70
intent-filter#android.intent.action.MAIN+android.intent.category.LAUNCHER
ADDED from src\main\AndroidManifest.xml:44:13-47:29
action#android.intent.action.MAIN
ADDED from src\main\AndroidManifest.xml:45:17-69
	android:name
		ADDED from src\main\AndroidManifest.xml:45:25-66
category#android.intent.category.LAUNCHER
ADDED from src\main\AndroidManifest.xml:46:17-77
	android:name
		ADDED from src\main\AndroidManifest.xml:46:27-74
activity#com.yy.app.newapp.MainTabActivity
ADDED from src\main\AndroidManifest.xml:49:9-52:67
	android:screenOrientation
		ADDED from src\main\AndroidManifest.xml:51:13-49
	android:windowSoftInputMode
		ADDED from src\main\AndroidManifest.xml:52:13-64
	android:name
		ADDED from src\main\AndroidManifest.xml:50:13-51
activity#com.yy.keyapp.module.login.LoginActivity
ADDED from src\main\AndroidManifest.xml:53:9-56:52
	android:screenOrientation
		ADDED from src\main\AndroidManifest.xml:56:13-49
	android:launchMode
		ADDED from src\main\AndroidManifest.xml:55:13-44
	android:name
		ADDED from src\main\AndroidManifest.xml:54:13-68
activity#com.yy.app.newapp.SysSettingActivity
ADDED from src\main\AndroidManifest.xml:57:9-60:52
	android:screenOrientation
		ADDED from src\main\AndroidManifest.xml:60:13-49
	android:launchMode
		ADDED from src\main\AndroidManifest.xml:59:13-44
	android:name
		ADDED from src\main\AndroidManifest.xml:58:13-54
activity#com.yy.app.SettingActivity
ADDED from src\main\AndroidManifest.xml:61:9-64:52
	android:screenOrientation
		ADDED from src\main\AndroidManifest.xml:64:13-49
	android:launchMode
		ADDED from src\main\AndroidManifest.xml:63:13-44
	android:name
		ADDED from src\main\AndroidManifest.xml:62:13-54
activity#com.yy.app.newapp.MSGListActivity
ADDED from src\main\AndroidManifest.xml:65:9-68:52
	android:screenOrientation
		ADDED from src\main\AndroidManifest.xml:68:13-49
	android:launchMode
		ADDED from src\main\AndroidManifest.xml:67:13-44
	android:name
		ADDED from src\main\AndroidManifest.xml:66:13-51
activity#com.yy.app.newapp.MSGDescActivity
ADDED from src\main\AndroidManifest.xml:69:9-72:52
	android:screenOrientation
		ADDED from src\main\AndroidManifest.xml:72:13-49
	android:launchMode
		ADDED from src\main\AndroidManifest.xml:71:13-44
	android:name
		ADDED from src\main\AndroidManifest.xml:70:13-51
activity#com.yy.app.AccountManagerActivity
ADDED from src\main\AndroidManifest.xml:73:9-76:52
	android:screenOrientation
		ADDED from src\main\AndroidManifest.xml:76:13-49
	android:launchMode
		ADDED from src\main\AndroidManifest.xml:75:13-44
	android:name
		ADDED from src\main\AndroidManifest.xml:74:13-61
activity#com.yy.app.PatientActivity
ADDED from src\main\AndroidManifest.xml:77:9-80:52
	android:screenOrientation
		ADDED from src\main\AndroidManifest.xml:80:13-49
	android:launchMode
		ADDED from src\main\AndroidManifest.xml:79:13-44
	android:name
		ADDED from src\main\AndroidManifest.xml:78:13-54
activity#com.yy.app.PatientDescActivity
ADDED from src\main\AndroidManifest.xml:81:9-84:52
	android:screenOrientation
		ADDED from src\main\AndroidManifest.xml:84:13-49
	android:launchMode
		ADDED from src\main\AndroidManifest.xml:83:13-44
	android:name
		ADDED from src\main\AndroidManifest.xml:82:13-58
activity#com.yy.app.YizhuActivity
ADDED from src\main\AndroidManifest.xml:85:9-88:52
	android:screenOrientation
		ADDED from src\main\AndroidManifest.xml:88:13-49
	android:launchMode
		ADDED from src\main\AndroidManifest.xml:87:13-44
	android:name
		ADDED from src\main\AndroidManifest.xml:86:13-52
activity#com.yy.app.JiaoJieActivity
ADDED from src\main\AndroidManifest.xml:89:9-92:52
	android:screenOrientation
		ADDED from src\main\AndroidManifest.xml:92:13-49
	android:launchMode
		ADDED from src\main\AndroidManifest.xml:91:13-44
	android:name
		ADDED from src\main\AndroidManifest.xml:90:13-54
activity#com.yy.app.JiaoJieDesActivity
ADDED from src\main\AndroidManifest.xml:93:9-96:52
	android:screenOrientation
		ADDED from src\main\AndroidManifest.xml:96:13-49
	android:launchMode
		ADDED from src\main\AndroidManifest.xml:95:13-44
	android:name
		ADDED from src\main\AndroidManifest.xml:94:13-57
activity#com.yy.app.AddJiaoJieActivity
ADDED from src\main\AndroidManifest.xml:97:9-101:67
	android:screenOrientation
		ADDED from src\main\AndroidManifest.xml:100:13-49
	android:launchMode
		ADDED from src\main\AndroidManifest.xml:99:13-44
	android:windowSoftInputMode
		ADDED from src\main\AndroidManifest.xml:101:13-64
	android:name
		ADDED from src\main\AndroidManifest.xml:98:13-57
activity#com.yy.app.JianChaActivity
ADDED from src\main\AndroidManifest.xml:102:9-105:52
	android:screenOrientation
		ADDED from src\main\AndroidManifest.xml:105:13-49
	android:launchMode
		ADDED from src\main\AndroidManifest.xml:104:13-44
	android:name
		ADDED from src\main\AndroidManifest.xml:103:13-54
activity#com.yy.app.JianYanActivity
ADDED from src\main\AndroidManifest.xml:106:9-109:52
	android:screenOrientation
		ADDED from src\main\AndroidManifest.xml:109:13-49
	android:launchMode
		ADDED from src\main\AndroidManifest.xml:108:13-44
	android:name
		ADDED from src\main\AndroidManifest.xml:107:13-54
activity#com.yy.app.ShouShuActivity
ADDED from src\main\AndroidManifest.xml:110:9-113:52
	android:screenOrientation
		ADDED from src\main\AndroidManifest.xml:113:13-49
	android:launchMode
		ADDED from src\main\AndroidManifest.xml:112:13-44
	android:name
		ADDED from src\main\AndroidManifest.xml:111:13-54
activity#com.yy.app.HuliActivity
ADDED from src\main\AndroidManifest.xml:114:9-117:52
	android:screenOrientation
		ADDED from src\main\AndroidManifest.xml:117:13-49
	android:launchMode
		ADDED from src\main\AndroidManifest.xml:116:13-44
	android:name
		ADDED from src\main\AndroidManifest.xml:115:13-51
activity#com.yy.app.AddHuliActivity
ADDED from src\main\AndroidManifest.xml:118:9-122:67
	android:screenOrientation
		ADDED from src\main\AndroidManifest.xml:121:13-49
	android:launchMode
		ADDED from src\main\AndroidManifest.xml:120:13-44
	android:windowSoftInputMode
		ADDED from src\main\AndroidManifest.xml:122:13-64
	android:name
		ADDED from src\main\AndroidManifest.xml:119:13-54
activity#com.yy.app.HuliDesActivity
ADDED from src\main\AndroidManifest.xml:123:9-126:52
	android:screenOrientation
		ADDED from src\main\AndroidManifest.xml:126:13-49
	android:launchMode
		ADDED from src\main\AndroidManifest.xml:125:13-44
	android:name
		ADDED from src\main\AndroidManifest.xml:124:13-54
activity#com.yy.app.MRPGSelectDateActivity
ADDED from src\main\AndroidManifest.xml:127:9-130:52
	android:screenOrientation
		ADDED from src\main\AndroidManifest.xml:130:13-49
	android:launchMode
		ADDED from src\main\AndroidManifest.xml:129:13-44
	android:name
		ADDED from src\main\AndroidManifest.xml:128:13-61
activity#com.yy.app.MRPingguActivity
ADDED from src\main\AndroidManifest.xml:131:9-134:52
	android:screenOrientation
		ADDED from src\main\AndroidManifest.xml:134:13-49
	android:launchMode
		ADDED from src\main\AndroidManifest.xml:133:13-44
	android:name
		ADDED from src\main\AndroidManifest.xml:132:13-55
activity#com.yy.app.AddmrpingguActivity
ADDED from src\main\AndroidManifest.xml:135:9-139:67
	android:screenOrientation
		ADDED from src\main\AndroidManifest.xml:138:13-49
	android:launchMode
		ADDED from src\main\AndroidManifest.xml:137:13-44
	android:windowSoftInputMode
		ADDED from src\main\AndroidManifest.xml:139:13-64
	android:name
		ADDED from src\main\AndroidManifest.xml:136:13-58
activity#com.yy.app.MRpinggudescActivity
ADDED from src\main\AndroidManifest.xml:140:9-143:52
	android:screenOrientation
		ADDED from src\main\AndroidManifest.xml:143:13-49
	android:launchMode
		ADDED from src\main\AndroidManifest.xml:142:13-44
	android:name
		ADDED from src\main\AndroidManifest.xml:141:13-59
activity#com.yy.app.PatientDescPagerActivity
ADDED from src\main\AndroidManifest.xml:144:9-147:52
	android:screenOrientation
		ADDED from src\main\AndroidManifest.xml:147:13-49
	android:launchMode
		ADDED from src\main\AndroidManifest.xml:146:13-44
	android:name
		ADDED from src\main\AndroidManifest.xml:145:13-63
activity#com.yy.app.UpmrpgActivity
ADDED from src\main\AndroidManifest.xml:148:9-151:52
	android:screenOrientation
		ADDED from src\main\AndroidManifest.xml:151:13-49
	android:launchMode
		ADDED from src\main\AndroidManifest.xml:150:13-44
	android:name
		ADDED from src\main\AndroidManifest.xml:149:13-53
activity#com.yy.app.newapp.RYpingguActivity
ADDED from src\main\AndroidManifest.xml:152:9-156:67
	android:screenOrientation
		ADDED from src\main\AndroidManifest.xml:155:13-49
	android:launchMode
		ADDED from src\main\AndroidManifest.xml:154:13-44
	android:windowSoftInputMode
		ADDED from src\main\AndroidManifest.xml:156:13-64
	android:name
		ADDED from src\main\AndroidManifest.xml:153:13-52
activity#com.yy.app.RYPinguUPActivity
ADDED from src\main\AndroidManifest.xml:157:9-161:67
	android:screenOrientation
		ADDED from src\main\AndroidManifest.xml:160:13-49
	android:launchMode
		ADDED from src\main\AndroidManifest.xml:159:13-44
	android:windowSoftInputMode
		ADDED from src\main\AndroidManifest.xml:161:13-64
	android:name
		ADDED from src\main\AndroidManifest.xml:158:13-56
activity#com.yy.app.RYsecondActivity
ADDED from src\main\AndroidManifest.xml:162:9-166:67
	android:screenOrientation
		ADDED from src\main\AndroidManifest.xml:165:13-49
	android:launchMode
		ADDED from src\main\AndroidManifest.xml:164:13-44
	android:windowSoftInputMode
		ADDED from src\main\AndroidManifest.xml:166:13-64
	android:name
		ADDED from src\main\AndroidManifest.xml:163:13-55
activity#com.yy.app.UpdataActivity
ADDED from src\main\AndroidManifest.xml:167:9-170:52
	android:screenOrientation
		ADDED from src\main\AndroidManifest.xml:170:13-49
	android:launchMode
		ADDED from src\main\AndroidManifest.xml:169:13-44
	android:name
		ADDED from src\main\AndroidManifest.xml:168:13-53
activity#com.yy.app.JiaoyvActivity
ADDED from src\main\AndroidManifest.xml:171:9-174:52
	android:screenOrientation
		ADDED from src\main\AndroidManifest.xml:174:13-49
	android:launchMode
		ADDED from src\main\AndroidManifest.xml:173:13-44
	android:name
		ADDED from src\main\AndroidManifest.xml:172:13-53
activity#com.yy.app.AddjiaoyvActivity
ADDED from src\main\AndroidManifest.xml:175:9-179:67
	android:screenOrientation
		ADDED from src\main\AndroidManifest.xml:178:13-49
	android:launchMode
		ADDED from src\main\AndroidManifest.xml:177:13-44
	android:windowSoftInputMode
		ADDED from src\main\AndroidManifest.xml:179:13-64
	android:name
		ADDED from src\main\AndroidManifest.xml:176:13-56
activity#com.yy.app.JiaoyuDesActivity
ADDED from src\main\AndroidManifest.xml:180:9-183:52
	android:screenOrientation
		ADDED from src\main\AndroidManifest.xml:183:13-49
	android:launchMode
		ADDED from src\main\AndroidManifest.xml:182:13-44
	android:name
		ADDED from src\main\AndroidManifest.xml:181:13-56
activity#com.yy.app.biaobenguanliActivity
ADDED from src\main\AndroidManifest.xml:184:9-187:52
	android:screenOrientation
		ADDED from src\main\AndroidManifest.xml:187:13-49
	android:launchMode
		ADDED from src\main\AndroidManifest.xml:186:13-44
	android:name
		ADDED from src\main\AndroidManifest.xml:185:13-50
activity#com.yy.app.newapp.YizhuzxdActivity
ADDED from src\main\AndroidManifest.xml:188:9-191:52
	android:screenOrientation
		ADDED from src\main\AndroidManifest.xml:191:13-49
	android:launchMode
		ADDED from src\main\AndroidManifest.xml:190:13-44
	android:name
		ADDED from src\main\AndroidManifest.xml:189:13-52
activity#com.yy.app.JianYanresActivity
ADDED from src\main\AndroidManifest.xml:192:9-195:52
	android:screenOrientation
		ADDED from src\main\AndroidManifest.xml:195:13-49
	android:launchMode
		ADDED from src\main\AndroidManifest.xml:194:13-44
	android:name
		ADDED from src\main\AndroidManifest.xml:193:13-57
activity#com.yy.app.UpjiaoyvActivity
ADDED from src\main\AndroidManifest.xml:196:9-199:52
	android:screenOrientation
		ADDED from src\main\AndroidManifest.xml:199:13-49
	android:launchMode
		ADDED from src\main\AndroidManifest.xml:198:13-44
	android:name
		ADDED from src\main\AndroidManifest.xml:197:13-55
activity#com.yy.app.AdvSearchActivity
ADDED from src\main\AndroidManifest.xml:200:9-203:52
	android:screenOrientation
		ADDED from src\main\AndroidManifest.xml:203:13-49
	android:launchMode
		ADDED from src\main\AndroidManifest.xml:202:13-44
	android:name
		ADDED from src\main\AndroidManifest.xml:201:13-56
activity#com.yy.app.WebViewActivity
ADDED from src\main\AndroidManifest.xml:208:9-211:52
	android:screenOrientation
		ADDED from src\main\AndroidManifest.xml:211:13-49
	android:launchMode
		ADDED from src\main\AndroidManifest.xml:210:13-44
	android:name
		ADDED from src\main\AndroidManifest.xml:209:13-54
activity#com.yy.app.CodeActivity
ADDED from src\main\AndroidManifest.xml:212:9-215:52
	android:screenOrientation
		ADDED from src\main\AndroidManifest.xml:215:13-49
	android:launchMode
		ADDED from src\main\AndroidManifest.xml:214:13-44
	android:name
		ADDED from src\main\AndroidManifest.xml:213:13-51
activity#com.yy.app.jiaoyvbdupActivity
ADDED from src\main\AndroidManifest.xml:216:9-219:52
	android:screenOrientation
		ADDED from src\main\AndroidManifest.xml:219:13-49
	android:launchMode
		ADDED from src\main\AndroidManifest.xml:218:13-44
	android:name
		ADDED from src\main\AndroidManifest.xml:217:13-57
activity#com.yy.app.BanQuanActivity
ADDED from src\main\AndroidManifest.xml:220:9-223:52
	android:screenOrientation
		ADDED from src\main\AndroidManifest.xml:223:13-49
	android:launchMode
		ADDED from src\main\AndroidManifest.xml:222:13-44
	android:name
		ADDED from src\main\AndroidManifest.xml:221:13-54
activity#com.yy.app.PinguUPActivity
ADDED from src\main\AndroidManifest.xml:224:9-227:52
	android:screenOrientation
		ADDED from src\main\AndroidManifest.xml:227:13-49
	android:launchMode
		ADDED from src\main\AndroidManifest.xml:226:13-44
	android:name
		ADDED from src\main\AndroidManifest.xml:225:13-54
activity#com.yy.keyapp.module.patient.NPatientlistActivity
ADDED from src\main\AndroidManifest.xml:229:9-232:52
	android:screenOrientation
		ADDED from src\main\AndroidManifest.xml:232:13-49
	android:launchMode
		ADDED from src\main\AndroidManifest.xml:231:13-44
	android:name
		ADDED from src\main\AndroidManifest.xml:230:13-77
activity#com.yy.keyapp.module.patient.NPatientDescActivity
ADDED from src\main\AndroidManifest.xml:234:9-237:52
	android:screenOrientation
		ADDED from src\main\AndroidManifest.xml:237:13-49
	android:launchMode
		ADDED from src\main\AndroidManifest.xml:236:13-44
	android:name
		ADDED from src\main\AndroidManifest.xml:235:13-77
activity#com.yy.keyapp.module.patient.DialogActivity
ADDED from src\main\AndroidManifest.xml:238:9-241:46
	android:launchMode
		ADDED from src\main\AndroidManifest.xml:241:13-44
	android:theme
		ADDED from src\main\AndroidManifest.xml:240:13-72
	android:name
		ADDED from src\main\AndroidManifest.xml:239:13-71
activity#com.yy.keyapp.module.aboult.versionactivity
ADDED from src\main\AndroidManifest.xml:242:9-244:51
	android:screenOrientation
		ADDED from src\main\AndroidManifest.xml:244:13-49
	android:launchMode
		ADDED from src\main\AndroidManifest.xml:243:13-44
	android:name
		ADDED from src\main\AndroidManifest.xml:242:19-77
activity#com.yy.key.QRcodeScan.activity.CaptureActivity
ADDED from src\main\AndroidManifest.xml:245:9-249:20
	android:configChanges
		ADDED from src\main\AndroidManifest.xml:248:13-63
	android:theme
		ADDED from src\main\AndroidManifest.xml:247:13-71
	android:name
		ADDED from src\main\AndroidManifest.xml:246:13-74
service#com.yy.service.MyService
ADDED from src\main\AndroidManifest.xml:251:9-60
	android:name
		ADDED from src\main\AndroidManifest.xml:251:18-57
receiver#com.yy.service.MyReceiver
ADDED from src\main\AndroidManifest.xml:252:9-256:20
	android:name
		ADDED from src\main\AndroidManifest.xml:252:19-59
intent-filter#android.intent.action.USER_PRESENT
ADDED from src\main\AndroidManifest.xml:253:13-255:33
	android:priority
		ADDED from src\main\AndroidManifest.xml:253:28-52
action#android.intent.action.USER_PRESENT
ADDED from src\main\AndroidManifest.xml:254:17-76
	android:name
		ADDED from src\main\AndroidManifest.xml:254:25-74